#
# A fatal error has been detected by the Java Runtime Environment:
#
#  EXCEPTION_ACCESS_VIOLATION (0xc0000005) at pc=0x00007ff949bcc9c8, pid=14680, tid=4492
#
# JRE version: OpenJDK Runtime Environment Temurin-21.0.9+10 (21.0.9+10) (build 21.0.9+10-LTS)
# Java VM: OpenJDK 64-Bit Server VM Temurin-21.0.9+10 (21.0.9+10-LTS, mixed mode, sharing, tiered, compressed oops, compressed class ptrs, parallel gc, windows-amd64)
# Problematic frame:
# V  [jvm.dll+0xc9c8]
#
# No core dump will be written. Minidumps are not enabled by default on client versions of Windows
#
# If you would like to submit a bug report, please visit:
#   https://github.com/adoptium/adoptium-support/issues
#

---------------  S U M M A R Y ------------

Command Line: --add-modules=ALL-SYSTEM --add-opens=java.base/java.util=ALL-UNNAMED --add-opens=java.base/java.lang=ALL-UNNAMED --add-opens=java.base/sun.nio.fs=ALL-UNNAMED -Declipse.application=org.eclipse.jdt.ls.core.id1 -Dosgi.bundles.defaultStartLevel=4 -Declipse.product=org.eclipse.jdt.ls.core.product -Djava.import.generatesMetadataFilesAtProjectRoot=false -DDetectVMInstallationsJob.disabled=true -Dfile.encoding=utf8 -XX:+UseParallelGC -XX:GCTimeRatio=4 -XX:AdaptiveSizePolicyWeight=90 -Dsun.zip.disableMemoryMapping=true -Xmx2G -Xms100m -Xlog:disable -javaagent:c:\Users\Saptadeep Ghosh\.vscode\extensions\redhat.java-1.52.0-win32-x64\lombok\lombok-1.18.39-4050.jar c:\Users\Saptadeep Ghosh\.vscode\extensions\redhat.java-1.52.0-win32-x64\server\plugins\org.eclipse.equinox.launcher_1.7.100.v20251111-0406.jar -configuration c:\Users\Saptadeep Ghosh\AppData\Roaming\Code\User\globalStorage\redhat.java\1.52.0\config_ss_win -data c:\Users\Saptadeep Ghosh\AppData\Roaming\Code\User\workspaceStorage\9c0f8992a7d74f0e27a80880d82bc0a1\redhat.java\ss_ws --pipe=\\.\pipe\lsp-4ee2ff2ffdf91cb716118df06f9dfb8d-sock

Host: AMD Ryzen 5 5600H with Radeon Graphics         , 12 cores, 15G,  Windows 11 , 64 bit Build 26100 (10.0.26100.7755)
Time: Tue Feb 17 23:44:36 2026 India Standard Time elapsed time: 3.295199 seconds (0d 0h 0m 3s)

---------------  T H R E A D  ---------------

Current thread (0x000001cac58d25d0):  WorkerThread "GC Thread#6"    [id=4492, stack(0x00000075e7f00000,0x00000075e8000000) (1024K)]

Stack: [0x00000075e7f00000,0x00000075e8000000],  sp=0x00000075e7fff9e8,  free space=1022k
Native frames: (J=compiled Java code, j=interpreted, Vv=VM code, C=native code)
V  [jvm.dll+0xc9c8]


siginfo: EXCEPTION_ACCESS_VIOLATION (0xc0000005), reading address 0x000001cb555a8e48


Registers:
RAX=0x0000000000000001, RBX=0x00000000d6a01a84, RCX=0x0000000000000000, RDX=0x00000000d568a5e8
RSP=0x00000075e7fff9e8, RBP=0x00000075e7fffa40, RSI=0x00000000d568a5e8, RDI=0x000001cae743f700
R8 =0x000001cb555a8e40, R9 =0x0000000000000001, R10=0x000001ca80000000, R11=0x000001cae743f700
R12=0x0000000000000010, R13=0x000000000000000c, R14=0x000001cae743f700, R15=0x0000000000000040
RIP=0x00007ff949bcc9c8, EFLAGS=0x0000000000010202

XMM[0]=0x000003ec00001270 0x0000000000000001
XMM[1]=0xd56615c8d5661098 0xd5660b70d5660640
XMM[2]=0xd564f558d564f038 0xd564eb18d564e5f8
XMM[3]=0xd5651e88d5651960 0xd5651438d5650f10
XMM[4]=0xd56547e0d5654298 0xd5653d68d5653828
XMM[5]=0xd5662010d5661af0 0xd56615c8d5661098
XMM[6]=0x0000000000000000 0x0000000000000000
XMM[7]=0x0000000000000000 0x0000000000000000
XMM[8]=0x0000000000000000 0x0000000000000000
XMM[9]=0x0000000000000000 0x0000000000000000
XMM[10]=0x0000000000000000 0x0000000000000000
XMM[11]=0x0000000000000000 0x0000000000000000
XMM[12]=0x0000000000000000 0x0000000000000000
XMM[13]=0x0000000000000000 0x0000000000000000
XMM[14]=0x0000000000000000 0x0000000000000000
XMM[15]=0x0000000000000000 0x0000000000000000
  MXCSR=0x00001fa0


Register to memory mapping:

RAX=0x0000000000000001 is an unknown value
RBX=0x00000000d6a01a84 points into unknown readable memory: e8 a5 68 d5
RCX=0x0 is null
RDX=0x00000000d568a5e8 points into unknown readable memory: 0xd55a8918d55a83f0 | f0 83 5a d5 18 89 5a d5
RSP=0x00000075e7fff9e8 points into unknown readable memory: 0x00007ff94a2d3d25 | 25 3d 2d 4a f9 7f 00 00
RBP=0x00000075e7fffa40 points into unknown readable memory: 0x0000000000000040 | 40 00 00 00 00 00 00 00
RSI=0x00000000d568a5e8 points into unknown readable memory: 0xd55a8918d55a83f0 | f0 83 5a d5 18 89 5a d5
RDI=0x000001cae743f700 points into unknown readable memory: 0x00007ff94a659b38 | 38 9b 65 4a f9 7f 00 00
R8 =0x000001cb555a8e40 is an unknown value
R9 =0x0000000000000001 is an unknown value
R10=0x000001ca80000000 is pointing into metadata
R11=0x000001cae743f700 points into unknown readable memory: 0x00007ff94a659b38 | 38 9b 65 4a f9 7f 00 00
R12=0x0000000000000010 is an unknown value
R13=0x000000000000000c is an unknown value
R14=0x000001cae743f700 points into unknown readable memory: 0x00007ff94a659b38 | 38 9b 65 4a f9 7f 00 00
R15=0x0000000000000040 is an unknown value

Top of Stack: (sp=0x00000075e7fff9e8)
0x00000075e7fff9e8:   00007ff94a2d3d25 00000000d6a00f08
0x00000075e7fff9f8:   00000000d6de8480 000000008169cf18
0x00000075e7fffa08:   00000075e7fffaa0 00000000819139ac
0x00000075e7fffa18:   00007ff94a2c8c18 0000000081ae5080
0x00000075e7fffa28:   0000000000000400 000000000000000c
0x00000075e7fffa38:   0000000000000010 0000000000000040
0x00000075e7fffa48:   00000000000002f2 000001cae743f700
0x00000075e7fffa58:   0000000000002004 00000000000002c0
0x00000075e7fffa68:   00007ff94a2d4b29 00000000d6a05c1c
0x00000075e7fffa78:   00000000819139c8 d55a8918d55a83f0
0x00000075e7fffa88:   00000075e7fffa00 0000000081913a00
0x00000075e7fffa98:   00000075e7fffbb8 000001cae743f700
0x00000075e7fffaa8:   0000000000000005 0000000081913a20
0x00000075e7fffab8:   0000000081913600 0000000081913a20
0x00000075e7fffac8:   00007ff94a2ca79a 00000075e7fffc50
0x00000075e7fffad8:   0000000000000040 0000000081913600
0x00000075e7fffae8:   00000000819139c8 0000000081920000
0x00000075e7fffaf8:   00007ff9ce24d8f2 0000000081920000
0x00000075e7fffb08:   00000075e7fffc60 000001cae50826f0
0x00000075e7fffb18:   0000000081910000 00000075e7fffbb8
0x00000075e7fffb28:   0000000000000000 0000020000000009
0x00000075e7fffb38:   ffffffffffffffff ffffffffffffffff
0x00000075e7fffb48:   ffffffffffffffff ffffff0202ffffff
0x00000075e7fffb58:   ffffffffffffff02 ffffffffffffffff
0x00000075e7fffb68:   ffffffffffffffff ffffffffffffffff
0x00000075e7fffb78:   ffffffffffffffff ffffffffffffffff
0x00000075e7fffb88:   ffffffffffffffff ffffffffffffffff
0x00000075e7fffb98:   ffffffffffffffff 02ffffffffffffff
0x00000075e7fffba8:   ffffffffffffff02 ffffffffffffffff
0x00000075e7fffbb8:   00000075e7bf32b8 000053d60700275d
0x00000075e7fffbc8:   00007ff9ce24dbf4 000001cac5c2a4c0
0x00000075e7fffbd8:   000001cae743f700 0000000081a73080 

Instructions: (pc=0x00007ff949bcc9c8)
0x00007ff949bcc8c8:   8b 5c 24 30 48 8b c2 48 83 c4 20 5f c3 cc cc cc
0x00007ff949bcc8d8:   cc cc cc cc cc cc cc cc 48 8b 11 e9 08 f6 ff ff
0x00007ff949bcc8e8:   cc cc cc cc cc cc cc cc 4c 8b c1 ba 64 60 08 00
0x00007ff949bcc8f8:   48 8b 0d 61 92 c8 00 e9 5c ea ff ff cc cc cc cc
0x00007ff949bcc908:   cc cc cc cc cc cc cc cc 48 8b 05 a1 e2 cd 00 48
0x00007ff949bcc918:   8b d1 48 23 c1 48 a9 00 f0 00 00 75 5d 48 8b 05
0x00007ff949bcc928:   84 e2 cd 00 48 23 c1 48 a9 00 f0 00 00 75 43 0f
0x00007ff949bcc938:   b6 c2 24 30 3c 30 74 3a 48 c1 e9 0c 48 8d 05 e5
0x00007ff949bcc948:   b5 94 00 83 e1 0f 8b 0c 88 48 8b 05 20 e2 cd 00
0x00007ff949bcc958:   48 d3 ea 48 c1 e8 15 48 c1 ea 15 48 23 d0 48 8b
0x00007ff949bcc968:   05 03 e5 cd 00 48 8b 48 60 48 8b 04 d1 48 85 c0
0x00007ff949bcc978:   75 08 48 8b 05 f7 e4 cd 00 c3 48 8b 05 e7 e4 cd
0x00007ff949bcc988:   00 c3 cc cc cc cc cc cc 8b 05 a2 b6 c2 00 c3 cc
0x00007ff949bcc998:   cc cc cc cc cc cc cc cc 0f b6 05 65 d1 c2 00 48
0x00007ff949bcc9a8:   8b d1 84 c0 74 16 44 8b 41 08 8b 0d 80 b6 c2 00
0x00007ff949bcc9b8:   49 d3 e0 4c 03 05 6e b6 c2 00 eb 04 4c 8b 41 08
0x00007ff949bcc9c8:   45 8b 48 08 45 85 c9 7e 0e 41 f6 c1 01 75 53 41
0x00007ff949bcc9d8:   c1 f9 03 49 63 c1 c3 79 49 84 c0 41 b8 0c 00 00
0x00007ff949bcc9e8:   00 8b 05 b9 c7 c2 00 b9 10 00 00 00 41 0f 45 c8
0x00007ff949bcc9f8:   ff c8 4c 63 c0 41 8b c1 48 c1 f8 10 0f b6 c0 48
0x00007ff949bcca08:   63 14 11 41 8b c9 83 e1 3f 48 d3 e2 49 8d 0c 10
0x00007ff949bcca18:   49 f7 d0 48 03 c1 49 c1 e8 03 48 c1 e8 03 49 23
0x00007ff949bcca28:   c0 c3 49 8b 00 49 8b c8 48 ff a0 00 01 00 00 cc
0x00007ff949bcca38:   cc cc cc cc cc cc cc cc 8b 44 24 30 45 03 c9 44
0x00007ff949bcca48:   2b 4c 24 28 83 c0 0b 44 03 ca 45 03 c8 41 03 c1
0x00007ff949bcca58:   c3 cc cc cc cc cc cc cc 4c 8b c2 48 8b d1 45 8b
0x00007ff949bcca68:   48 08 45 85 c9 7e 0e 41 f6 c1 01 75 56 41 c1 f9
0x00007ff949bcca78:   03 49 63 c1 c3 79 4c 80 3d 86 d0 c2 00 00 b8 0c
0x00007ff949bcca88:   00 00 00 b9 10 00 00 00 0f 45 c8 8b 05 0f c7 c2
0x00007ff949bcca98:   00 ff c8 4c 63 c0 41 8b c1 48 c1 f8 10 48 63 14
0x00007ff949bccaa8:   11 41 8b c9 83 e1 3f 0f b6 c0 48 d3 e2 49 8d 0c
0x00007ff949bccab8:   10 49 f7 d0 48 03 c1 49 c1 e8 03 48 c1 e8 03 49 


Stack slot to memory mapping:

stack at sp + 0 slots: 0x00007ff94a2d3d25 jvm.dll
stack at sp + 1 slots: 0x00000000d6a00f08 is an oop: [Ljava.lang.Object; 
{0x00000000d6a00f08} - klass: 'java/lang/Object'[]
 - length: 1004
stack at sp + 2 slots: 0x00000000d6de8480 is an oop: [B 
{0x00000000d6de8480} - klass: {type array byte}
 - length: 19
stack at sp + 3 slots: 0x000000008169cf18 is an oop: org.eclipse.jdt.internal.core.util.WeakHashSet$HashableWeakReference 
{0x000000008169cf18} - klass: 'org/eclipse/jdt/internal/core/util/WeakHashSet$HashableWeakReference'
 - ---- fields (total size 4 words):
 - private 'referent' 'Ljava/lang/Object;' @12  "JComboBox$AccessibleJComboBox$AccessibleJComboBoxPopupMenuListener"{0x000000008135c6b0} (0x8135c6b0)
 - volatile 'queue' 'Ljava/lang/ref/ReferenceQueue;' @16  a 'java/lang/ref/ReferenceQueue'{0x0000000080d187e0} (0x80d187e0)
 - volatile 'next' 'Ljava/lang/ref/Reference;' @20  null (0x00000000)
 - private transient 'discovered' 'Ljava/lang/ref/Reference;' @24  null (0x00000000)
 - public 'hashCode' 'I' @28  1957964702 (0x74b42b9e)
stack at sp + 4 slots: 0x00000075e7fffaa0 points into unknown readable memory: 0x000001cae743f700 | 00 f7 43 e7 ca 01 00 00
stack at sp + 5 slots: 0x00000000819139ac is pointing into object: java.util.HashMap$Node 
{0x0000000081913990} - klass: 'java/util/HashMap$Node'
 - ---- fields (total size 4 words):
 - final 'hash' 'I' @12  948496761 (0x3888e979)
 - final 'key' 'Ljava/lang/Object;' @16  "/modules/java.security.jgss/sun/security/krb5/Credentials$1.class"{0x00000000819139b0} (0x819139b0)
 - 'value' 'Ljava/lang/Object;' @20  a 'jdk/internal/jimage/ImageReader$Resource'{0x0000000081913a20} (0x81913a20)
 - 'next' 'Ljava/util/HashMap$Node;' @24  a 'java/util/HashMap$Node'{0x0000000081a9fd10} (0x81a9fd10)
stack at sp + 6 slots: 0x00007ff94a2c8c18 jvm.dll
stack at sp + 7 slots: 0x0000000081ae5080 is an oop: [B 
{0x0000000081ae5080} - klass: {type array byte}
 - length: 19


---------------  P R O C E S S  ---------------

Threads class SMR info:
_java_thread_list=0x000001cac7dd8700, length=38, elements={
0x000001cae74adac0, 0x000001cac5000290, 0x000001cac50010a0, 0x000001cac5007ea0,
0x000001cac500ad90, 0x000001cac500ecb0, 0x000001cac5012d00, 0x000001cac5018620,
0x000001cac501ccc0, 0x000001cac51ee330, 0x000001cac5237d70, 0x000001cac53fe8c0,
0x000001cac54b2070, 0x000001cac5f70230, 0x000001cac5a47ef0, 0x000001cac5ab5380,
0x000001cac5a47290, 0x000001cac5f46d90, 0x000001cac5f6ebe0, 0x000001cac5c52400,
0x000001cac56aa0e0, 0x000001cac69825e0, 0x000001cac69818c0, 0x000001cac6981f50,
0x000001cac6982c70, 0x000001cac7d23f60, 0x000001cac7d245f0, 0x000001cac7d238d0,
0x000001cac7d24c80, 0x000001cac7d25310, 0x000001cac7d259a0, 0x000001cac7d23240,
0x000001cac7d22bb0, 0x000001cac7d28e20, 0x000001cac7d294b0, 0x000001cac7d26d50,
0x000001cac7d26030, 0x000001cac7d29b40
}

Java Threads: ( => current thread )
  0x000001cae74adac0 JavaThread "main"                              [_thread_blocked, id=2384, stack(0x00000075e6a00000,0x00000075e6b00000) (1024K)]
  0x000001cac5000290 JavaThread "Reference Handler"          daemon [_thread_blocked, id=5660, stack(0x00000075e6e00000,0x00000075e6f00000) (1024K)]
  0x000001cac50010a0 JavaThread "Finalizer"                  daemon [_thread_blocked, id=6924, stack(0x00000075e6f00000,0x00000075e7000000) (1024K)]
  0x000001cac5007ea0 JavaThread "Signal Dispatcher"          daemon [_thread_blocked, id=3408, stack(0x00000075e7000000,0x00000075e7100000) (1024K)]
  0x000001cac500ad90 JavaThread "Attach Listener"            daemon [_thread_blocked, id=16656, stack(0x00000075e7100000,0x00000075e7200000) (1024K)]
  0x000001cac500ecb0 JavaThread "Service Thread"             daemon [_thread_blocked, id=19620, stack(0x00000075e7200000,0x00000075e7300000) (1024K)]
  0x000001cac5012d00 JavaThread "Monitor Deflation Thread"   daemon [_thread_blocked, id=17500, stack(0x00000075e7300000,0x00000075e7400000) (1024K)]
  0x000001cac5018620 JavaThread "C2 CompilerThread0"         daemon [_thread_blocked, id=4544, stack(0x00000075e7400000,0x00000075e7500000) (1024K)]
  0x000001cac501ccc0 JavaThread "C1 CompilerThread0"         daemon [_thread_blocked, id=9840, stack(0x00000075e7500000,0x00000075e7600000) (1024K)]
  0x000001cac51ee330 JavaThread "C2 CompilerThread1"         daemon [_thread_blocked, id=7544, stack(0x00000075e7600000,0x00000075e7700000) (1024K)]
  0x000001cac5237d70 JavaThread "Common-Cleaner"             daemon [_thread_blocked, id=18768, stack(0x00000075e7700000,0x00000075e7800000) (1024K)]
  0x000001cac53fe8c0 JavaThread "Notification Thread"        daemon [_thread_blocked, id=11992, stack(0x00000075e7800000,0x00000075e7900000) (1024K)]
  0x000001cac54b2070 JavaThread "C2 CompilerThread2"         daemon [_thread_blocked, id=11144, stack(0x00000075e7900000,0x00000075e7a00000) (1024K)]
  0x000001cac5f70230 JavaThread "Active Thread: Equinox Container: 93078458-81d1-4079-98ee-33ee8efb192a"        [_thread_blocked, id=10136, stack(0x00000075e8000000,0x00000075e8100000) (1024K)]
  0x000001cac5a47ef0 JavaThread "Framework Event Dispatcher: Equinox Container: 93078458-81d1-4079-98ee-33ee8efb192a" daemon [_thread_blocked, id=18044, stack(0x00000075e8100000,0x00000075e8200000) (1024K)]
  0x000001cac5ab5380 JavaThread "Start Level: Equinox Container: 93078458-81d1-4079-98ee-33ee8efb192a" daemon [_thread_blocked, id=18056, stack(0x00000075e8200000,0x00000075e8300000) (1024K)]
  0x000001cac5a47290 JavaThread "SCR Component Actor"        daemon [_thread_blocked, id=6884, stack(0x00000075e8400000,0x00000075e8500000) (1024K)]
  0x000001cac5f46d90 JavaThread "Worker-JM"                         [_thread_blocked, id=18108, stack(0x00000075e8500000,0x00000075e8600000) (1024K)]
  0x000001cac5f6ebe0 JavaThread "JNA Cleaner"                daemon [_thread_blocked, id=19864, stack(0x00000075e8800000,0x00000075e8900000) (1024K)]
  0x000001cac5c52400 JavaThread "Worker-0"                          [_thread_blocked, id=10304, stack(0x00000075e8900000,0x00000075e8a00000) (1024K)]
  0x000001cac56aa0e0 JavaThread "Worker-1"                          [_thread_blocked, id=4336, stack(0x00000075e8a00000,0x00000075e8b00000) (1024K)]
  0x000001cac69825e0 JavaThread "Thread-1"                   daemon [_thread_in_native, id=14188, stack(0x00000075e8b00000,0x00000075e8c00000) (1024K)]
  0x000001cac69818c0 JavaThread "Thread-2"                   daemon [_thread_in_native, id=15560, stack(0x00000075e8c00000,0x00000075e8d00000) (1024K)]
  0x000001cac6981f50 JavaThread "Thread-3"                   daemon [_thread_in_native, id=10568, stack(0x00000075e8d00000,0x00000075e8e00000) (1024K)]
  0x000001cac6982c70 JavaThread "Thread-4"                   daemon [_thread_in_native, id=12144, stack(0x00000075e8e00000,0x00000075e8f00000) (1024K)]
  0x000001cac7d23f60 JavaThread "Thread-5"                   daemon [_thread_in_native, id=9432, stack(0x00000075e8f00000,0x00000075e9000000) (1024K)]
  0x000001cac7d245f0 JavaThread "Thread-6"                   daemon [_thread_in_native, id=15092, stack(0x00000075e9000000,0x00000075e9100000) (1024K)]
  0x000001cac7d238d0 JavaThread "Thread-7"                   daemon [_thread_in_native, id=8608, stack(0x00000075e9100000,0x00000075e9200000) (1024K)]
  0x000001cac7d24c80 JavaThread "Thread-8"                   daemon [_thread_in_native, id=11260, stack(0x00000075e9200000,0x00000075e9300000) (1024K)]
  0x000001cac7d25310 JavaThread "Thread-9"                   daemon [_thread_in_native, id=16800, stack(0x00000075e9300000,0x00000075e9400000) (1024K)]
  0x000001cac7d259a0 JavaThread "Thread-10"                  daemon [_thread_in_native, id=18956, stack(0x00000075e9400000,0x00000075e9500000) (1024K)]
  0x000001cac7d23240 JavaThread "Thread-11"                  daemon [_thread_in_native, id=11276, stack(0x00000075e9500000,0x00000075e9600000) (1024K)]
  0x000001cac7d22bb0 JavaThread "Thread-12"                  daemon [_thread_in_native, id=11620, stack(0x00000075e9600000,0x00000075e9700000) (1024K)]
  0x000001cac7d28e20 JavaThread "Thread-13"                  daemon [_thread_in_native, id=9696, stack(0x00000075e9700000,0x00000075e9800000) (1024K)]
  0x000001cac7d294b0 JavaThread "pool-2-thread-1"                   [_thread_blocked, id=8808, stack(0x00000075e9800000,0x00000075e9900000) (1024K)]
  0x000001cac7d26d50 JavaThread "WorkspaceEventsHandler"            [_thread_blocked, id=3704, stack(0x00000075e9900000,0x00000075e9a00000) (1024K)]
  0x000001cac7d26030 JavaThread "pool-1-thread-1"                   [_thread_blocked, id=11592, stack(0x00000075e9a00000,0x00000075e9b00000) (1024K)]
  0x000001cac7d29b40 JavaThread "Worker-2"                          [_thread_blocked, id=11660, stack(0x00000075e9b00000,0x00000075e9c00000) (1024K)]
Total: 38

Other Threads:
  0x000001cae7443820 VMThread "VM Thread"                           [id=8024, stack(0x00000075e6d00000,0x00000075e6e00000) (1024K)]
  0x000001cae733ca00 WatcherThread "VM Periodic Task Thread"        [id=13492, stack(0x00000075e6c00000,0x00000075e6d00000) (1024K)]
  0x000001cae74cc1f0 WorkerThread "GC Thread#0"                     [id=20120, stack(0x00000075e6b00000,0x00000075e6c00000) (1024K)]
  0x000001cac5809310 WorkerThread "GC Thread#1"                     [id=1692, stack(0x00000075e7a00000,0x00000075e7b00000) (1024K)]
  0x000001cac5c40120 WorkerThread "GC Thread#2"                     [id=18636, stack(0x00000075e7b00000,0x00000075e7c00000) (1024K)]
  0x000001cac59f9510 WorkerThread "GC Thread#3"                     [id=1780, stack(0x00000075e7c00000,0x00000075e7d00000) (1024K)]
  0x000001cac5abca50 WorkerThread "GC Thread#4"                     [id=5672, stack(0x00000075e7d00000,0x00000075e7e00000) (1024K)]
  0x000001cac5abcdf0 WorkerThread "GC Thread#5"                     [id=9500, stack(0x00000075e7e00000,0x00000075e7f00000) (1024K)]
=>0x000001cac58d25d0 WorkerThread "GC Thread#6"                     [id=4492, stack(0x00000075e7f00000,0x00000075e8000000) (1024K)]
  0x000001cac56da840 WorkerThread "GC Thread#7"                     [id=11844, stack(0x00000075e8300000,0x00000075e8400000) (1024K)]
  0x000001cac5ff00b0 WorkerThread "GC Thread#8"                     [id=6756, stack(0x00000075e8600000,0x00000075e8700000) (1024K)]
  0x000001cac5aa7380 WorkerThread "GC Thread#9"                     [id=7388, stack(0x00000075e8700000,0x00000075e8800000) (1024K)]
Total: 12

Threads with active compile tasks:
C2 CompilerThread0  3343 4503       4       java.io.WinNTFileSystem::normalize (143 bytes)
C2 CompilerThread2  3343 4479   !   4       org.eclipse.osgi.internal.loader.classpath.ClasspathManager::findLocalClass (210 bytes)
Total: 2

VM state: at safepoint (normal execution)

VM Mutex/Monitor currently owned by a thread:  ([mutex/lock_event])
[0x00007ff94a87d570] Threads_lock - owner thread: 0x000001cae7443820
[0x00007ff94a87d670] Heap_lock - owner thread: 0x000001cac7d26030

Heap address: 0x0000000080000000, size: 2048 MB, Compressed Oops mode: 32-bit

CDS archive(s) mapped at: [0x000001ca80000000-0x000001ca80ba0000-0x000001ca80ba0000), size 12189696, SharedBaseAddress: 0x000001ca80000000, ArchiveRelocationMode: 1.
Compressed class space mapped at: 0x000001ca81000000-0x000001cac1000000, reserved size: 1073741824
Narrow klass base: 0x000001ca80000000, Narrow klass shift: 0, Narrow klass range: 0x100000000

GC Precious Log:
 CardTable entry size: 512
 CPUs: 12 total, 12 available
 Memory: 15724M
 Large Page Support: Disabled
 NUMA Support: Disabled
 Compressed Oops: Enabled (32-bit)
 Alignments: Space 512K, Generation 512K, Heap 2M
 Heap Min Capacity: 100M
 Heap Initial Capacity: 100M
 Heap Max Capacity: 2G
 Pre-touch: Disabled
 Parallel Workers: 10

Heap:
 PSYoungGen      total 23040K, used 22880K [0x00000000d5580000, 0x00000000d6f00000, 0x0000000100000000)
  eden space 20992K, 100% used [0x00000000d5580000,0x00000000d6a00000,0x00000000d6a00000)
  from space 2048K, 92% used [0x00000000d6d00000,0x00000000d6ed8000,0x00000000d6f00000)
  to   space 2560K, 39% used [0x00000000d6a00000,0x00000000d6aff2e8,0x00000000d6c80000)
 ParOldGen       total 68608K, used 28825K [0x0000000080000000, 0x0000000084300000, 0x00000000d5580000)
  object space 68608K, 42% used [0x0000000080000000,0x0000000081c265d8,0x0000000084300000)
 Metaspace       used 34285K, committed 35264K, reserved 1114112K
  class space    used 3508K, committed 3968K, reserved 1048576K

Card table byte_map: [0x000001cae6e50000,0x000001cae7260000] _byte_map_base: 0x000001cae6a50000

Marking Bits: (ParMarkBitMap*) 0x00007ff94a882460
 Begin Bits: [0x000001caf9960000, 0x000001cafb960000)
 End Bits:   [0x000001cafb960000, 0x000001cafd960000)

Polling page: 0x000001cae5300000

Metaspace:

Usage:
  Non-class:     30.06 MB used.
      Class:      3.43 MB used.
       Both:     33.48 MB used.

Virtual space:
  Non-class space:       64.00 MB reserved,      30.56 MB ( 48%) committed,  1 nodes.
      Class space:        1.00 GB reserved,       3.88 MB ( <1%) committed,  1 nodes.
             Both:        1.06 GB reserved,      34.44 MB (  3%) committed. 

Chunk freelists:
   Non-Class:  592.00 KB
       Class:  12.09 MB
        Both:  12.67 MB

MaxMetaspaceSize: unlimited
CompressedClassSpaceSize: 1.00 GB
Initial GC threshold: 21.00 MB
Current GC threshold: 35.00 MB
CDS: on
 - commit_granule_bytes: 65536.
 - commit_granule_words: 8192.
 - virtual_space_node_default_size: 8388608.
 - enlarge_chunks_in_place: 1.
 - use_allocation_guard: 0.


Internal statistics:

num_allocs_failed_limit: 3.
num_arena_births: 670.
num_arena_deaths: 14.
num_vsnodes_births: 2.
num_vsnodes_deaths: 0.
num_space_committed: 551.
num_space_uncommitted: 0.
num_chunks_returned_to_freelist: 17.
num_chunks_taken_from_freelist: 2030.
num_chunk_merges: 6.
num_chunk_splits: 1326.
num_chunks_enlarged: 848.
num_inconsistent_stats: 0.

CodeHeap 'non-profiled nmethods': size=120000Kb used=2433Kb max_used=2433Kb free=117566Kb
 bounds [0x000001caf2180000, 0x000001caf23f0000, 0x000001caf96b0000]
CodeHeap 'profiled nmethods': size=120000Kb used=8779Kb max_used=8779Kb free=111220Kb
 bounds [0x000001caea6b0000, 0x000001caeaf50000, 0x000001caf1be0000]
CodeHeap 'non-nmethods': size=5760Kb used=1361Kb max_used=1414Kb free=4398Kb
 bounds [0x000001caf1be0000, 0x000001caf1e50000, 0x000001caf2180000]
CodeCache: size=245760Kb, used=12573Kb, max_used=12626Kb, free=233184Kb
 total_blobs=5166, nmethods=4503, adapters=568, full_count=0
Compilation: enabled, stopped_count=0, restarted_count=0

Compilation events (20 events):
Event: 3.188 Thread 0x000001cac501ccc0 4499       3       java.net.URLStreamHandler::parseURL (1124 bytes)
Event: 3.196 Thread 0x000001cac5018620 4500  s    4       java.util.Hashtable::get (69 bytes)
Event: 3.203 Thread 0x000001cac5018620 nmethod 4500 0x000001caf23dba90 code [0x000001caf23dbc60, 0x000001caf23dc3b0]
Event: 3.219 Thread 0x000001cac501ccc0 nmethod 4499 0x000001caeaf2ba10 code [0x000001caeaf2cda0, 0x000001caeaf38fd8]
Event: 3.219 Thread 0x000001cac501ccc0 4501       3       java.net.URI::isAbsolute (13 bytes)
Event: 3.219 Thread 0x000001cac501ccc0 nmethod 4501 0x000001caeaf3dd10 code [0x000001caeaf3dea0, 0x000001caeaf3e000]
Event: 3.222 Thread 0x000001cac5018620 4502       4       java.net.URI$Parser::scan (41 bytes)
Event: 3.227 Thread 0x000001cac5018620 nmethod 4502 0x000001caf23dc690 code [0x000001caf23dc840, 0x000001caf23dcc50]
Event: 3.233 Thread 0x000001cac5018620 4503       4       java.io.WinNTFileSystem::normalize (143 bytes)
Event: 3.246 Thread 0x000001cac501ccc0 4504   !   3       java.nio.HeapCharBuffer::toString (30 bytes)
Event: 3.247 Thread 0x000001cac501ccc0 nmethod 4504 0x000001caeaf3e090 code [0x000001caeaf3e260, 0x000001caeaf3e520]
Event: 3.256 Thread 0x000001cac501ccc0 4505       3       java.net.URI::appendFragment (27 bytes)
Event: 3.257 Thread 0x000001cac501ccc0 nmethod 4505 0x000001caeaf3e690 code [0x000001caeaf3e860, 0x000001caeaf3eb38]
Event: 3.259 Thread 0x000001cac51ee330 nmethod 4498 0x000001caf23dcf90 code [0x000001caf23dd300, 0x000001caf23df318]
Event: 3.260 Thread 0x000001cac501ccc0 4506       3       java.net.URI::toString (60 bytes)
Event: 3.260 Thread 0x000001cac501ccc0 nmethod 4506 0x000001caeaf3ec90 code [0x000001caeaf3eec0, 0x000001caeaf3f4f8]
Event: 3.260 Thread 0x000001cac501ccc0 4507       3       java.net.URI::checkPath (38 bytes)
Event: 3.261 Thread 0x000001cac501ccc0 nmethod 4507 0x000001caeaf3f810 code [0x000001caeaf3fa40, 0x000001caeaf401e0]
Event: 3.263 Thread 0x000001cac501ccc0 4508   !   3       java.net.URL::of (255 bytes)
Event: 3.265 Thread 0x000001cac501ccc0 nmethod 4508 0x000001caeaf40510 code [0x000001caeaf40960, 0x000001caeaf42418]

GC Heap History (20 events):
Event: 1.817 GC heap after
{Heap after GC invocations=8 (full 1):
 PSYoungGen      total 27648K, used 2569K [0x00000000d5580000, 0x00000000d7480000, 0x0000000100000000)
  eden space 24576K, 0% used [0x00000000d5580000,0x00000000d5580000,0x00000000d6d80000)
  from space 3072K, 83% used [0x00000000d6e00000,0x00000000d7082438,0x00000000d7100000)
  to   space 3584K, 0% used [0x00000000d7100000,0x00000000d7100000,0x00000000d7480000)
 ParOldGen       total 68608K, used 9293K [0x0000000080000000, 0x0000000084300000, 0x00000000d5580000)
  object space 68608K, 13% used [0x0000000080000000,0x00000000809135f0,0x0000000084300000)
 Metaspace       used 23134K, committed 23872K, reserved 1114112K
  class space    used 2242K, committed 2560K, reserved 1048576K
}
Event: 2.072 GC heap before
{Heap before GC invocations=9 (full 1):
 PSYoungGen      total 27648K, used 27145K [0x00000000d5580000, 0x00000000d7480000, 0x0000000100000000)
  eden space 24576K, 100% used [0x00000000d5580000,0x00000000d6d80000,0x00000000d6d80000)
  from space 3072K, 83% used [0x00000000d6e00000,0x00000000d7082438,0x00000000d7100000)
  to   space 3584K, 0% used [0x00000000d7100000,0x00000000d7100000,0x00000000d7480000)
 ParOldGen       total 68608K, used 9293K [0x0000000080000000, 0x0000000084300000, 0x00000000d5580000)
  object space 68608K, 13% used [0x0000000080000000,0x00000000809135f0,0x0000000084300000)
 Metaspace       used 26587K, committed 27520K, reserved 1114112K
  class space    used 2634K, committed 3072K, reserved 1048576K
}
Event: 2.075 GC heap after
{Heap after GC invocations=9 (full 1):
 PSYoungGen      total 27648K, used 3533K [0x00000000d5580000, 0x00000000d7500000, 0x0000000100000000)
  eden space 24064K, 0% used [0x00000000d5580000,0x00000000d5580000,0x00000000d6d00000)
  from space 3584K, 98% used [0x00000000d7100000,0x00000000d7473660,0x00000000d7480000)
  to   space 4096K, 0% used [0x00000000d6d00000,0x00000000d6d00000,0x00000000d7100000)
 ParOldGen       total 68608K, used 10082K [0x0000000080000000, 0x0000000084300000, 0x00000000d5580000)
  object space 68608K, 14% used [0x0000000080000000,0x00000000809d8b00,0x0000000084300000)
 Metaspace       used 26587K, committed 27520K, reserved 1114112K
  class space    used 2634K, committed 3072K, reserved 1048576K
}
Event: 2.279 GC heap before
{Heap before GC invocations=10 (full 1):
 PSYoungGen      total 27648K, used 27597K [0x00000000d5580000, 0x00000000d7500000, 0x0000000100000000)
  eden space 24064K, 100% used [0x00000000d5580000,0x00000000d6d00000,0x00000000d6d00000)
  from space 3584K, 98% used [0x00000000d7100000,0x00000000d7473660,0x00000000d7480000)
  to   space 4096K, 0% used [0x00000000d6d00000,0x00000000d6d00000,0x00000000d7100000)
 ParOldGen       total 68608K, used 10082K [0x0000000080000000, 0x0000000084300000, 0x00000000d5580000)
  object space 68608K, 14% used [0x0000000080000000,0x00000000809d8b00,0x0000000084300000)
 Metaspace       used 29637K, committed 30464K, reserved 1114112K
  class space    used 2968K, committed 3328K, reserved 1048576K
}
Event: 2.282 GC heap after
{Heap after GC invocations=10 (full 1):
 PSYoungGen      total 27648K, used 4074K [0x00000000d5580000, 0x00000000d7680000, 0x0000000100000000)
  eden space 23552K, 0% used [0x00000000d5580000,0x00000000d5580000,0x00000000d6c80000)
  from space 4096K, 99% used [0x00000000d6d00000,0x00000000d70fab18,0x00000000d7100000)
  to   space 5120K, 0% used [0x00000000d7180000,0x00000000d7180000,0x00000000d7680000)
 ParOldGen       total 68608K, used 10562K [0x0000000080000000, 0x0000000084300000, 0x00000000d5580000)
  object space 68608K, 15% used [0x0000000080000000,0x0000000080a50b20,0x0000000084300000)
 Metaspace       used 29637K, committed 30464K, reserved 1114112K
  class space    used 2968K, committed 3328K, reserved 1048576K
}
Event: 2.563 GC heap before
{Heap before GC invocations=11 (full 1):
 PSYoungGen      total 27648K, used 27626K [0x00000000d5580000, 0x00000000d7680000, 0x0000000100000000)
  eden space 23552K, 100% used [0x00000000d5580000,0x00000000d6c80000,0x00000000d6c80000)
  from space 4096K, 99% used [0x00000000d6d00000,0x00000000d70fab18,0x00000000d7100000)
  to   space 5120K, 0% used [0x00000000d7180000,0x00000000d7180000,0x00000000d7680000)
 ParOldGen       total 68608K, used 10562K [0x0000000080000000, 0x0000000084300000, 0x00000000d5580000)
  object space 68608K, 15% used [0x0000000080000000,0x0000000080a50b20,0x0000000084300000)
 Metaspace       used 31880K, committed 32832K, reserved 1114112K
  class space    used 3195K, committed 3648K, reserved 1048576K
}
Event: 2.567 GC heap after
{Heap after GC invocations=11 (full 1):
 PSYoungGen      total 26624K, used 3294K [0x00000000d5580000, 0x00000000d7500000, 0x0000000100000000)
  eden space 23040K, 0% used [0x00000000d5580000,0x00000000d5580000,0x00000000d6c00000)
  from space 3584K, 91% used [0x00000000d7180000,0x00000000d74b7848,0x00000000d7500000)
  to   space 4096K, 0% used [0x00000000d6d00000,0x00000000d6d00000,0x00000000d7100000)
 ParOldGen       total 68608K, used 13589K [0x0000000080000000, 0x0000000084300000, 0x00000000d5580000)
  object space 68608K, 19% used [0x0000000080000000,0x0000000080d45640,0x0000000084300000)
 Metaspace       used 31880K, committed 32832K, reserved 1114112K
  class space    used 3195K, committed 3648K, reserved 1048576K
}
Event: 2.609 GC heap before
{Heap before GC invocations=12 (full 1):
 PSYoungGen      total 26624K, used 26334K [0x00000000d5580000, 0x00000000d7500000, 0x0000000100000000)
  eden space 23040K, 100% used [0x00000000d5580000,0x00000000d6c00000,0x00000000d6c00000)
  from space 3584K, 91% used [0x00000000d7180000,0x00000000d74b7848,0x00000000d7500000)
  to   space 4096K, 0% used [0x00000000d6d00000,0x00000000d6d00000,0x00000000d7100000)
 ParOldGen       total 68608K, used 13589K [0x0000000080000000, 0x0000000084300000, 0x00000000d5580000)
  object space 68608K, 19% used [0x0000000080000000,0x0000000080d45640,0x0000000084300000)
 Metaspace       used 31884K, committed 32832K, reserved 1114112K
  class space    used 3195K, committed 3648K, reserved 1048576K
}
Event: 2.615 GC heap after
{Heap after GC invocations=12 (full 1):
 PSYoungGen      total 25088K, used 2176K [0x00000000d5580000, 0x00000000d7200000, 0x0000000100000000)
  eden space 22528K, 0% used [0x00000000d5580000,0x00000000d5580000,0x00000000d6b80000)
  from space 2560K, 85% used [0x00000000d6d00000,0x00000000d6f20010,0x00000000d6f80000)
  to   space 2560K, 0% used [0x00000000d6f80000,0x00000000d6f80000,0x00000000d7200000)
 ParOldGen       total 68608K, used 16689K [0x0000000080000000, 0x0000000084300000, 0x00000000d5580000)
  object space 68608K, 24% used [0x0000000080000000,0x000000008104c758,0x0000000084300000)
 Metaspace       used 31884K, committed 32832K, reserved 1114112K
  class space    used 3195K, committed 3648K, reserved 1048576K
}
Event: 2.685 GC heap before
{Heap before GC invocations=13 (full 1):
 PSYoungGen      total 25088K, used 24704K [0x00000000d5580000, 0x00000000d7200000, 0x0000000100000000)
  eden space 22528K, 100% used [0x00000000d5580000,0x00000000d6b80000,0x00000000d6b80000)
  from space 2560K, 85% used [0x00000000d6d00000,0x00000000d6f20010,0x00000000d6f80000)
  to   space 2560K, 0% used [0x00000000d6f80000,0x00000000d6f80000,0x00000000d7200000)
 ParOldGen       total 68608K, used 16689K [0x0000000080000000, 0x0000000084300000, 0x00000000d5580000)
  object space 68608K, 24% used [0x0000000080000000,0x000000008104c758,0x0000000084300000)
 Metaspace       used 32233K, committed 33152K, reserved 1114112K
  class space    used 3248K, committed 3712K, reserved 1048576K
}
Event: 2.689 GC heap after
{Heap after GC invocations=13 (full 1):
 PSYoungGen      total 24576K, used 2498K [0x00000000d5580000, 0x00000000d7200000, 0x0000000100000000)
  eden space 22016K, 0% used [0x00000000d5580000,0x00000000d5580000,0x00000000d6b00000)
  from space 2560K, 97% used [0x00000000d6f80000,0x00000000d71f0820,0x00000000d7200000)
  to   space 3072K, 0% used [0x00000000d6c00000,0x00000000d6c00000,0x00000000d6f00000)
 ParOldGen       total 68608K, used 18705K [0x0000000080000000, 0x0000000084300000, 0x00000000d5580000)
  object space 68608K, 27% used [0x0000000080000000,0x0000000081244758,0x0000000084300000)
 Metaspace       used 32233K, committed 33152K, reserved 1114112K
  class space    used 3248K, committed 3712K, reserved 1048576K
}
Event: 2.730 GC heap before
{Heap before GC invocations=14 (full 1):
 PSYoungGen      total 24576K, used 24514K [0x00000000d5580000, 0x00000000d7200000, 0x0000000100000000)
  eden space 22016K, 100% used [0x00000000d5580000,0x00000000d6b00000,0x00000000d6b00000)
  from space 2560K, 97% used [0x00000000d6f80000,0x00000000d71f0820,0x00000000d7200000)
  to   space 3072K, 0% used [0x00000000d6c00000,0x00000000d6c00000,0x00000000d6f00000)
 ParOldGen       total 68608K, used 18705K [0x0000000080000000, 0x0000000084300000, 0x00000000d5580000)
  object space 68608K, 27% used [0x0000000080000000,0x0000000081244758,0x0000000084300000)
 Metaspace       used 32250K, committed 33216K, reserved 1114112K
  class space    used 3248K, committed 3712K, reserved 1048576K
}
Event: 2.734 GC heap after
{Heap after GC invocations=14 (full 1):
 PSYoungGen      total 24576K, used 2144K [0x00000000d5580000, 0x00000000d7000000, 0x0000000100000000)
  eden space 22016K, 0% used [0x00000000d5580000,0x00000000d5580000,0x00000000d6b00000)
  from space 2560K, 83% used [0x00000000d6c00000,0x00000000d6e18000,0x00000000d6e80000)
  to   space 1536K, 0% used [0x00000000d6e80000,0x00000000d6e80000,0x00000000d7000000)
 ParOldGen       total 68608K, used 21040K [0x0000000080000000, 0x0000000084300000, 0x00000000d5580000)
  object space 68608K, 30% used [0x0000000080000000,0x000000008148c050,0x0000000084300000)
 Metaspace       used 32250K, committed 33216K, reserved 1114112K
  class space    used 3248K, committed 3712K, reserved 1048576K
}
Event: 2.769 GC heap before
{Heap before GC invocations=15 (full 1):
 PSYoungGen      total 24576K, used 24160K [0x00000000d5580000, 0x00000000d7000000, 0x0000000100000000)
  eden space 22016K, 100% used [0x00000000d5580000,0x00000000d6b00000,0x00000000d6b00000)
  from space 2560K, 83% used [0x00000000d6c00000,0x00000000d6e18000,0x00000000d6e80000)
  to   space 1536K, 0% used [0x00000000d6e80000,0x00000000d6e80000,0x00000000d7000000)
 ParOldGen       total 68608K, used 21040K [0x0000000080000000, 0x0000000084300000, 0x00000000d5580000)
  object space 68608K, 30% used [0x0000000080000000,0x000000008148c050,0x0000000084300000)
 Metaspace       used 32257K, committed 33216K, reserved 1114112K
  class space    used 3248K, committed 3712K, reserved 1048576K
}
Event: 2.773 GC heap after
{Heap after GC invocations=15 (full 1):
 PSYoungGen      total 22528K, used 1536K [0x00000000d5580000, 0x00000000d7400000, 0x0000000100000000)
  eden space 20992K, 0% used [0x00000000d5580000,0x00000000d5580000,0x00000000d6a00000)
  from space 1536K, 100% used [0x00000000d6e80000,0x00000000d7000000,0x00000000d7000000)
  to   space 4608K, 0% used [0x00000000d6a00000,0x00000000d6a00000,0x00000000d6e80000)
 ParOldGen       total 68608K, used 23482K [0x0000000080000000, 0x0000000084300000, 0x00000000d5580000)
  object space 68608K, 34% used [0x0000000080000000,0x00000000816ee9f8,0x0000000084300000)
 Metaspace       used 32257K, committed 33216K, reserved 1114112K
  class space    used 3248K, committed 3712K, reserved 1048576K
}
Event: 2.849 GC heap before
{Heap before GC invocations=16 (full 1):
 PSYoungGen      total 22528K, used 22528K [0x00000000d5580000, 0x00000000d7400000, 0x0000000100000000)
  eden space 20992K, 100% used [0x00000000d5580000,0x00000000d6a00000,0x00000000d6a00000)
  from space 1536K, 100% used [0x00000000d6e80000,0x00000000d7000000,0x00000000d7000000)
  to   space 4608K, 0% used [0x00000000d6a00000,0x00000000d6a00000,0x00000000d6e80000)
 ParOldGen       total 68608K, used 23482K [0x0000000080000000, 0x0000000084300000, 0x00000000d5580000)
  object space 68608K, 34% used [0x0000000080000000,0x00000000816ee9f8,0x0000000084300000)
 Metaspace       used 32311K, committed 33216K, reserved 1114112K
  class space    used 3250K, committed 3712K, reserved 1048576K
}
Event: 2.854 GC heap after
{Heap after GC invocations=16 (full 1):
 PSYoungGen      total 23552K, used 2208K [0x00000000d5580000, 0x00000000d7000000, 0x0000000100000000)
  eden space 20992K, 0% used [0x00000000d5580000,0x00000000d5580000,0x00000000d6a00000)
  from space 2560K, 86% used [0x00000000d6a00000,0x00000000d6c28010,0x00000000d6c80000)
  to   space 3072K, 0% used [0x00000000d6d00000,0x00000000d6d00000,0x00000000d7000000)
 ParOldGen       total 68608K, used 25060K [0x0000000080000000, 0x0000000084300000, 0x00000000d5580000)
  object space 68608K, 36% used [0x0000000080000000,0x0000000081879070,0x0000000084300000)
 Metaspace       used 32311K, committed 33216K, reserved 1114112K
  class space    used 3250K, committed 3712K, reserved 1048576K
}
Event: 2.906 GC heap before
{Heap before GC invocations=17 (full 1):
 PSYoungGen      total 23552K, used 23200K [0x00000000d5580000, 0x00000000d7000000, 0x0000000100000000)
  eden space 20992K, 100% used [0x00000000d5580000,0x00000000d6a00000,0x00000000d6a00000)
  from space 2560K, 86% used [0x00000000d6a00000,0x00000000d6c28010,0x00000000d6c80000)
  to   space 3072K, 0% used [0x00000000d6d00000,0x00000000d6d00000,0x00000000d7000000)
 ParOldGen       total 68608K, used 25060K [0x0000000080000000, 0x0000000084300000, 0x00000000d5580000)
  object space 68608K, 36% used [0x0000000080000000,0x0000000081879070,0x0000000084300000)
 Metaspace       used 32327K, committed 33280K, reserved 1114112K
  class space    used 3250K, committed 3712K, reserved 1048576K
}
Event: 2.911 GC heap after
{Heap after GC invocations=17 (full 1):
 PSYoungGen      total 23040K, used 1888K [0x00000000d5580000, 0x00000000d6f00000, 0x0000000100000000)
  eden space 20992K, 0% used [0x00000000d5580000,0x00000000d5580000,0x00000000d6a00000)
  from space 2048K, 92% used [0x00000000d6d00000,0x00000000d6ed8000,0x00000000d6f00000)
  to   space 2560K, 0% used [0x00000000d6a00000,0x00000000d6a00000,0x00000000d6c80000)
 ParOldGen       total 68608K, used 27084K [0x0000000080000000, 0x0000000084300000, 0x00000000d5580000)
  object space 68608K, 39% used [0x0000000080000000,0x0000000081a73080,0x0000000084300000)
 Metaspace       used 32327K, committed 33280K, reserved 1114112K
  class space    used 3250K, committed 3712K, reserved 1048576K
}
Event: 3.286 GC heap before
{Heap before GC invocations=18 (full 1):
 PSYoungGen      total 23040K, used 22880K [0x00000000d5580000, 0x00000000d6f00000, 0x0000000100000000)
  eden space 20992K, 100% used [0x00000000d5580000,0x00000000d6a00000,0x00000000d6a00000)
  from space 2048K, 92% used [0x00000000d6d00000,0x00000000d6ed8000,0x00000000d6f00000)
  to   space 2560K, 0% used [0x00000000d6a00000,0x00000000d6a00000,0x00000000d6c80000)
 ParOldGen       total 68608K, used 27084K [0x0000000080000000, 0x0000000084300000, 0x00000000d5580000)
  object space 68608K, 39% used [0x0000000080000000,0x0000000081a73080,0x0000000084300000)
 Metaspace       used 34285K, committed 35264K, reserved 1114112K
  class space    used 3508K, committed 3968K, reserved 1048576K
}

Dll operation events (10 events):
Event: 0.008 Loaded shared library c:\Users\Saptadeep Ghosh\.vscode\extensions\redhat.java-1.52.0-win32-x64\jre\21.0.9-win32-x86_64\bin\java.dll
Event: 0.060 Loaded shared library c:\Users\Saptadeep Ghosh\.vscode\extensions\redhat.java-1.52.0-win32-x64\jre\21.0.9-win32-x86_64\bin\zip.dll
Event: 0.075 Loaded shared library C:\Users\Saptadeep Ghosh\.vscode\extensions\redhat.java-1.52.0-win32-x64\jre\21.0.9-win32-x86_64\bin\instrument.dll
Event: 0.080 Loaded shared library C:\Users\Saptadeep Ghosh\.vscode\extensions\redhat.java-1.52.0-win32-x64\jre\21.0.9-win32-x86_64\bin\net.dll
Event: 0.082 Loaded shared library C:\Users\Saptadeep Ghosh\.vscode\extensions\redhat.java-1.52.0-win32-x64\jre\21.0.9-win32-x86_64\bin\nio.dll
Event: 0.084 Loaded shared library C:\Users\Saptadeep Ghosh\.vscode\extensions\redhat.java-1.52.0-win32-x64\jre\21.0.9-win32-x86_64\bin\zip.dll
Event: 0.097 Loaded shared library C:\Users\Saptadeep Ghosh\.vscode\extensions\redhat.java-1.52.0-win32-x64\jre\21.0.9-win32-x86_64\bin\jimage.dll
Event: 0.156 Loaded shared library c:\Users\Saptadeep Ghosh\.vscode\extensions\redhat.java-1.52.0-win32-x64\jre\21.0.9-win32-x86_64\bin\verify.dll
Event: 0.833 Loaded shared library C:\Users\Saptadeep Ghosh\AppData\Roaming\Code\User\globalStorage\redhat.java\1.52.0\config_ss_win\org.eclipse.equinox.launcher\org.eclipse.equinox.launcher.win32.win32.x86_64_1.2.1500.v20260121-1430\eclipse_11919.dll
Event: 1.376 Loaded shared library C:\Users\Saptadeep Ghosh\AppData\Local\Temp\jna-1050379550\jna7235559806017053473.dll

Deoptimization events (20 events):
Event: 2.968 Thread 0x000001cac7d26030 DEOPT PACKING pc=0x000001caead706b5 sp=0x00000075e9afd8d0
Event: 2.968 Thread 0x000001cac7d26030 DEOPT UNPACKING pc=0x000001caf1c34242 sp=0x00000075e9afcde0 mode 0
Event: 2.968 Thread 0x000001cac7d26030 DEOPT PACKING pc=0x000001caeaf066a6 sp=0x00000075e9afda90
Event: 2.968 Thread 0x000001cac7d26030 DEOPT UNPACKING pc=0x000001caf1c34242 sp=0x00000075e9afcf88 mode 0
Event: 3.105 Thread 0x000001cac7d26030 Uncommon trap: trap_request=0xffffff45 fr.pc=0x000001caf23c745c relative=0x0000000000000e7c
Event: 3.105 Thread 0x000001cac7d26030 Uncommon trap: reason=unstable_if action=reinterpret pc=0x000001caf23c745c method=java.util.Properties$LineReader.readLine()I @ 182 c2
Event: 3.105 Thread 0x000001cac7d26030 DEOPT PACKING pc=0x000001caf23c745c sp=0x00000075e9afc880
Event: 3.105 Thread 0x000001cac7d26030 DEOPT UNPACKING pc=0x000001caf1c33aa2 sp=0x00000075e9afc818 mode 2
Event: 3.179 Thread 0x000001cac7d26030 DEOPT PACKING pc=0x000001caeac1030d sp=0x00000075e9af92c0
Event: 3.179 Thread 0x000001cac7d26030 DEOPT UNPACKING pc=0x000001caf1c34242 sp=0x00000075e9af8770 mode 0
Event: 3.193 Thread 0x000001cac7d26030 DEOPT PACKING pc=0x000001caeac1030d sp=0x00000075e9afca60
Event: 3.193 Thread 0x000001cac7d26030 DEOPT UNPACKING pc=0x000001caf1c34242 sp=0x00000075e9afbf10 mode 0
Event: 3.222 Thread 0x000001cac7d26030 DEOPT PACKING pc=0x000001caea751b78 sp=0x00000075e9af8fe0
Event: 3.222 Thread 0x000001cac7d26030 DEOPT UNPACKING pc=0x000001caf1c34242 sp=0x00000075e9af84c8 mode 0
Event: 3.230 Thread 0x000001cac7d26030 DEOPT PACKING pc=0x000001caeac1030d sp=0x00000075e9af9200
Event: 3.230 Thread 0x000001cac7d26030 DEOPT UNPACKING pc=0x000001caf1c34242 sp=0x00000075e9af86b0 mode 0
Event: 3.233 Thread 0x000001cac7d26030 DEOPT PACKING pc=0x000001caeaa98bb9 sp=0x00000075e9af8db0
Event: 3.233 Thread 0x000001cac7d26030 DEOPT UNPACKING pc=0x000001caf1c34242 sp=0x00000075e9af82b0 mode 0
Event: 3.258 Thread 0x000001cac7d26030 DEOPT PACKING pc=0x000001caeac1030d sp=0x00000075e9af9200
Event: 3.258 Thread 0x000001cac7d26030 DEOPT UNPACKING pc=0x000001caf1c34242 sp=0x00000075e9af86b0 mode 0

Classes loaded (20 events):
Event: 2.537 Loading class java/lang/invoke/MethodHandleImpl$Makers
Event: 2.537 Loading class java/lang/invoke/MethodHandleImpl$Makers done
Event: 2.537 Loading class java/lang/invoke/MethodHandleImpl$Makers$1
Event: 2.537 Loading class java/lang/invoke/MethodHandleImpl$Makers$1 done
Event: 2.537 Loading class java/lang/invoke/MethodHandleImpl$Makers$2
Event: 2.537 Loading class java/lang/invoke/MethodHandleImpl$Makers$2 done
Event: 2.537 Loading class java/lang/invoke/MethodHandleImpl$Makers$3
Event: 2.537 Loading class java/lang/invoke/MethodHandleImpl$Makers$3 done
Event: 2.539 Loading class java/lang/runtime/ObjectMethods$1
Event: 2.539 Loading class java/lang/runtime/ObjectMethods$1 done
Event: 2.641 Loading class java/util/AbstractList$ListItr
Event: 2.642 Loading class java/util/AbstractList$ListItr done
Event: 2.649 Loading class java/nio/channels/Channels$ReadableByteChannelImpl
Event: 2.650 Loading class java/nio/channels/Channels$ReadableByteChannelImpl done
Event: 2.650 Loading class java/nio/channels/NonWritableChannelException
Event: 2.650 Loading class java/nio/channels/NonWritableChannelException done
Event: 2.970 Loading class java/lang/ExceptionInInitializerError
Event: 2.970 Loading class java/lang/ExceptionInInitializerError done
Event: 3.068 Loading class sun/misc/Unsafe
Event: 3.069 Loading class sun/misc/Unsafe done

Classes unloaded (7 events):
Event: 1.641 Thread 0x000001cae7443820 Unloading class 0x000001ca81189400 'java/lang/invoke/LambdaForm$MH+0x000001ca81189400'
Event: 1.641 Thread 0x000001cae7443820 Unloading class 0x000001ca81189000 'java/lang/invoke/LambdaForm$MH+0x000001ca81189000'
Event: 1.641 Thread 0x000001cae7443820 Unloading class 0x000001ca81188c00 'java/lang/invoke/LambdaForm$MH+0x000001ca81188c00'
Event: 1.641 Thread 0x000001cae7443820 Unloading class 0x000001ca81188800 'java/lang/invoke/LambdaForm$MH+0x000001ca81188800'
Event: 1.641 Thread 0x000001cae7443820 Unloading class 0x000001ca81188400 'java/lang/invoke/LambdaForm$BMH+0x000001ca81188400'
Event: 1.641 Thread 0x000001cae7443820 Unloading class 0x000001ca81188000 'java/lang/invoke/LambdaForm$DMH+0x000001ca81188000'
Event: 1.641 Thread 0x000001cae7443820 Unloading class 0x000001ca81186c00 'java/lang/invoke/LambdaForm$DMH+0x000001ca81186c00'

Classes redefined (0 events):
No events

Internal exceptions (20 events):
Event: 2.190 Thread 0x000001cac5c52400 Exception <a 'java/lang/NoSuchMethodError'{0x00000000d622b1e0}: 'java.lang.Object java.lang.invoke.DirectMethodHandle$Holder.invokeSpecial(java.lang.Object, java.lang.Object, java.lang.Object, java.lang.Object, int)'> (0x00000000d622b1e0) 
thrown [s\src\hotspot\share\interpreter\linkResolver.cpp, line 773]
Event: 2.190 Thread 0x000001cac5c52400 Exception <a 'java/lang/NoSuchMethodError'{0x00000000d622e678}: 'java.lang.Object java.lang.invoke.Invokers$Holder.linkToTargetMethod(java.lang.Object, java.lang.Object, int, java.lang.Object)'> (0x00000000d622e678) 
thrown [s\src\hotspot\share\interpreter\linkResolver.cpp, line 773]
Event: 2.192 Thread 0x000001cac5c52400 Exception <a 'java/lang/NoSuchMethodError'{0x00000000d6245fe8}: 'void java.lang.invoke.DirectMethodHandle$Holder.invokeStaticInit(java.lang.Object, java.lang.Object, java.lang.Object)'> (0x00000000d6245fe8) 
thrown [s\src\hotspot\share\interpreter\linkResolver.cpp, line 773]
Event: 2.264 Thread 0x000001cac7d26030 Exception <a 'java/lang/NoSuchMethodError'{0x00000000d67f90d8}: 'java.lang.Object java.lang.invoke.DirectMethodHandle$Holder.invokeInterface(java.lang.Object, java.lang.Object, java.lang.Object)'> (0x00000000d67f90d8) 
thrown [s\src\hotspot\share\interpreter\linkResolver.cpp, line 773]
Event: 2.276 Thread 0x000001cac7d26030 Exception <a 'java/io/FileNotFoundException'{0x00000000d6892528}> (0x00000000d6892528) 
thrown [s\src\hotspot\share\prims\jni.cpp, line 520]
Event: 2.300 Thread 0x000001cac7d26030 Exception <a 'sun/nio/fs/WindowsException'{0x00000000d56f6918}> (0x00000000d56f6918) 
thrown [s\src\hotspot\share\prims\jni.cpp, line 520]
Event: 2.341 Thread 0x000001cac7d26030 Exception <a 'java/lang/IncompatibleClassChangeError'{0x00000000d5af82b8}: Found class java.lang.Object, but interface was expected> (0x00000000d5af82b8) 
thrown [s\src\hotspot\share\interpreter\linkResolver.cpp, line 840]
Event: 2.463 Thread 0x000001cac7d26030 Implicit null exception at 0x000001caf2329a26 to 0x000001caf2329cf4
Event: 2.463 Thread 0x000001cac7d26030 Exception <a 'java/lang/NoSuchMethodError'{0x00000000d5f97b60}: 'long java.lang.invoke.DirectMethodHandle$Holder.invokeStatic(java.lang.Object, java.lang.Object, int)'> (0x00000000d5f97b60) 
thrown [s\src\hotspot\share\interpreter\linkResolver.cpp, line 773]
Event: 2.464 Thread 0x000001cac7d26030 Exception <a 'java/lang/NoSuchMethodError'{0x00000000d5fa23d0}: 'java.lang.Object java.lang.invoke.DelegatingMethodHandle$Holder.reinvoke_L(java.lang.Object, int, long, java.lang.Object, java.lang.Object, int, java.lang.Object)'> (0x00000000d5fa23d0) 
thrown [s\src\hotspot\share\interpreter\linkResolver.cpp, line 773]
Event: 2.536 Thread 0x000001cac7d26030 Exception <a 'java/lang/NoSuchMethodError'{0x00000000d6561af0}: 'java.lang.Object java.lang.invoke.DirectMethodHandle$Holder.invokeStaticInit(java.lang.Object, java.lang.Object, java.lang.Object, java.lang.Object, java.lang.Object, java.lang.Object, java.lang.Object)'> (0x00000000d6561af0) 
thrown [s\src\hotspot\share\interpreter\linkResolver.cpp, line 773]
Event: 2.536 Thread 0x000001cac7d26030 Exception <a 'java/lang/NoSuchMethodError'{0x00000000d6566a98}: 'java.lang.Object java.lang.invoke.Invokers$Holder.invoke_MT(java.lang.Object, java.lang.Object, java.lang.Object, java.lang.Object, java.lang.Object, java.lang.Object, java.lang.Object, java.lang.Object, java.lang.Object, java.lang.Object)'> (0x00000000d6566a98) 
thrown [s\src\hotspot\share\interpreter\linkResolver.cpp, line 773]
Event: 2.540 Thread 0x000001cac7d26030 Exception <a 'java/lang/NoSuchMethodError'{0x00000000d65a6980}: 'int java.lang.invoke.DirectMethodHandle$Holder.invokeVirtual(java.lang.Object, java.lang.Object, java.lang.Object)'> (0x00000000d65a6980) 
thrown [s\src\hotspot\share\interpreter\linkResolver.cpp, line 773]
Event: 2.540 Thread 0x000001cac7d26030 Exception <a 'java/lang/NoSuchMethodError'{0x00000000d65ab058}: 'int java.lang.invoke.DirectMethodHandle$Holder.invokeStaticInit(java.lang.Object, int, int)'> (0x00000000d65ab058) 
thrown [s\src\hotspot\share\interpreter\linkResolver.cpp, line 773]
Event: 2.540 Thread 0x000001cac7d26030 Exception <a 'java/lang/NoSuchMethodError'{0x00000000d65b2800}: 'int java.lang.invoke.DirectMethodHandle$Holder.invokeStaticInit(java.lang.Object, long, long)'> (0x00000000d65b2800) 
thrown [s\src\hotspot\share\interpreter\linkResolver.cpp, line 773]
Event: 2.541 Thread 0x000001cac7d26030 Exception <a 'java/lang/NoSuchMethodError'{0x00000000d65b9638}: 'int java.lang.invoke.DirectMethodHandle$Holder.invokeStaticInit(java.lang.Object, float, float)'> (0x00000000d65b9638) 
thrown [s\src\hotspot\share\interpreter\linkResolver.cpp, line 773]
Event: 2.541 Thread 0x000001cac7d26030 Exception <a 'java/lang/NoSuchMethodError'{0x00000000d65c0378}: 'int java.lang.invoke.DirectMethodHandle$Holder.invokeStaticInit(java.lang.Object, double, double)'> (0x00000000d65c0378) 
thrown [s\src\hotspot\share\interpreter\linkResolver.cpp, line 773]
Event: 2.542 Thread 0x000001cac7d26030 Exception <a 'java/lang/NoSuchMethodError'{0x00000000d65c4de0}: 'int java.lang.invoke.DirectMethodHandle$Holder.invokeStatic(java.lang.Object, long)'> (0x00000000d65c4de0) 
thrown [s\src\hotspot\share\interpreter\linkResolver.cpp, line 773]
Event: 2.544 Thread 0x000001cac7d26030 Exception <a 'java/lang/NoSuchMethodError'{0x00000000d65e3cb8}: 'int java.lang.invoke.Invokers$Holder.linkToTargetMethod(java.lang.Object, java.lang.Object)'> (0x00000000d65e3cb8) 
thrown [s\src\hotspot\share\interpreter\linkResolver.cpp, line 773]
Event: 3.074 Thread 0x000001cac7d26030 Exception <a 'java/lang/NoSuchMethodError'{0x00000000d6178a60}: 'java.lang.Object java.lang.invoke.DirectMethodHandle$Holder.invokeVirtual(java.lang.Object, java.lang.Object, int)'> (0x00000000d6178a60) 
thrown [s\src\hotspot\share\interpreter\linkResolver.cpp, line 773]

ZGC Phase Switch (0 events):
No events

VM Operations (20 events):
Event: 2.476 Executing VM operation: HandshakeAllThreads (Deoptimize) done
Event: 2.476 Executing VM operation: HandshakeAllThreads (Deoptimize)
Event: 2.476 Executing VM operation: HandshakeAllThreads (Deoptimize) done
Event: 2.563 Executing VM operation: ParallelGCFailedAllocation (Allocation Failure)
Event: 2.567 Executing VM operation: ParallelGCFailedAllocation (Allocation Failure) done
Event: 2.609 Executing VM operation: ParallelGCFailedAllocation (Allocation Failure)
Event: 2.615 Executing VM operation: ParallelGCFailedAllocation (Allocation Failure) done
Event: 2.685 Executing VM operation: ParallelGCFailedAllocation (Allocation Failure)
Event: 2.689 Executing VM operation: ParallelGCFailedAllocation (Allocation Failure) done
Event: 2.730 Executing VM operation: ParallelGCFailedAllocation (Allocation Failure)
Event: 2.734 Executing VM operation: ParallelGCFailedAllocation (Allocation Failure) done
Event: 2.769 Executing VM operation: ParallelGCFailedAllocation (Allocation Failure)
Event: 2.773 Executing VM operation: ParallelGCFailedAllocation (Allocation Failure) done
Event: 2.848 Executing VM operation: ParallelGCFailedAllocation (Allocation Failure)
Event: 2.854 Executing VM operation: ParallelGCFailedAllocation (Allocation Failure) done
Event: 2.906 Executing VM operation: ParallelGCFailedAllocation (Allocation Failure)
Event: 2.911 Executing VM operation: ParallelGCFailedAllocation (Allocation Failure) done
Event: 3.084 Executing VM operation: HandshakeAllThreads (Deoptimize)
Event: 3.084 Executing VM operation: HandshakeAllThreads (Deoptimize) done
Event: 3.286 Executing VM operation: ParallelGCFailedAllocation (Allocation Failure)

Memory protections (0 events):
No events

Nmethod flushes (0 events):
No events

Events (20 events):
Event: 1.424 Thread 0x000001cac5ab5380 Thread added: 0x000001cac56aa0e0
Event: 1.813 Thread 0x000001cac5ab5380 Thread added: 0x000001cac69818c0
Event: 1.843 Thread 0x000001cac69818c0 Thread exited: 0x000001cac69818c0
Event: 2.015 Thread 0x000001cae74adac0 Thread added: 0x000001cac69825e0
Event: 2.015 Thread 0x000001cae74adac0 Thread added: 0x000001cac69818c0
Event: 2.015 Thread 0x000001cae74adac0 Thread added: 0x000001cac6981f50
Event: 2.015 Thread 0x000001cae74adac0 Thread added: 0x000001cac6982c70
Event: 2.015 Thread 0x000001cae74adac0 Thread added: 0x000001cac7d23f60
Event: 2.015 Thread 0x000001cae74adac0 Thread added: 0x000001cac7d245f0
Event: 2.015 Thread 0x000001cae74adac0 Thread added: 0x000001cac7d238d0
Event: 2.015 Thread 0x000001cae74adac0 Thread added: 0x000001cac7d24c80
Event: 2.015 Thread 0x000001cae74adac0 Thread added: 0x000001cac7d25310
Event: 2.016 Thread 0x000001cae74adac0 Thread added: 0x000001cac7d259a0
Event: 2.016 Thread 0x000001cae74adac0 Thread added: 0x000001cac7d23240
Event: 2.016 Thread 0x000001cae74adac0 Thread added: 0x000001cac7d22bb0
Event: 2.016 Thread 0x000001cae74adac0 Thread added: 0x000001cac7d28e20
Event: 2.034 Thread 0x000001cae74adac0 Thread added: 0x000001cac7d294b0
Event: 2.181 Thread 0x000001cae74adac0 Thread added: 0x000001cac7d26d50
Event: 2.181 Thread 0x000001cae74adac0 Thread added: 0x000001cac7d26030
Event: 2.194 Thread 0x000001cac56aa0e0 Thread added: 0x000001cac7d29b40


Dynamic libraries:
0x00007ff637090000 - 0x00007ff63709e000 	c:\Users\Saptadeep Ghosh\.vscode\extensions\redhat.java-1.52.0-win32-x64\jre\21.0.9-win32-x86_64\bin\java.exe
0x00007ff9ce240000 - 0x00007ff9ce4a7000 	C:\WINDOWS\SYSTEM32\ntdll.dll
0x00007ff9cca80000 - 0x00007ff9ccb49000 	C:\WINDOWS\System32\KERNEL32.DLL
0x00007ff9cac70000 - 0x00007ff9cb062000 	C:\WINDOWS\System32\KERNELBASE.dll
0x00007ff9cab20000 - 0x00007ff9cac6b000 	C:\WINDOWS\System32\ucrtbase.dll
0x00007ff9ac820000 - 0x00007ff9ac838000 	c:\Users\Saptadeep Ghosh\.vscode\extensions\redhat.java-1.52.0-win32-x64\jre\21.0.9-win32-x86_64\bin\jli.dll
0x00007ff9acf80000 - 0x00007ff9acf9e000 	c:\Users\Saptadeep Ghosh\.vscode\extensions\redhat.java-1.52.0-win32-x64\jre\21.0.9-win32-x86_64\bin\VCRUNTIME140.dll
0x00007ff9cc0f0000 - 0x00007ff9cc2b5000 	C:\WINDOWS\System32\USER32.dll
0x00007ff9cb070000 - 0x00007ff9cb097000 	C:\WINDOWS\System32\win32u.dll
0x00007ff9b8ef0000 - 0x00007ff9b9183000 	C:\WINDOWS\WinSxS\amd64_microsoft.windows.common-controls_6595b64144ccf1df_6.0.26100.7755_none_3e0b5aece331b9b7\COMCTL32.dll
0x00007ff9cc0c0000 - 0x00007ff9cc0eb000 	C:\WINDOWS\System32\GDI32.dll
0x00007ff9cd760000 - 0x00007ff9cd809000 	C:\WINDOWS\System32\msvcrt.dll
0x00007ff9cbd60000 - 0x00007ff9cbe8a000 	C:\WINDOWS\System32\gdi32full.dll
0x00007ff9cba80000 - 0x00007ff9cbb23000 	C:\WINDOWS\System32\msvcp_win.dll
0x00007ff9cc080000 - 0x00007ff9cc0b1000 	C:\WINDOWS\System32\IMM32.DLL
0x00007ff9c0590000 - 0x00007ff9c059c000 	c:\Users\Saptadeep Ghosh\.vscode\extensions\redhat.java-1.52.0-win32-x64\jre\21.0.9-win32-x86_64\bin\vcruntime140_1.dll
0x00007ff958700000 - 0x00007ff95878d000 	c:\Users\Saptadeep Ghosh\.vscode\extensions\redhat.java-1.52.0-win32-x64\jre\21.0.9-win32-x86_64\bin\msvcp140.dll
0x00007ff949bc0000 - 0x00007ff94a960000 	c:\Users\Saptadeep Ghosh\.vscode\extensions\redhat.java-1.52.0-win32-x64\jre\21.0.9-win32-x86_64\bin\server\jvm.dll
0x00007ff9cd6a0000 - 0x00007ff9cd753000 	C:\WINDOWS\System32\ADVAPI32.dll
0x00007ff9cc970000 - 0x00007ff9cca16000 	C:\WINDOWS\System32\sechost.dll
0x00007ff9cd970000 - 0x00007ff9cda88000 	C:\WINDOWS\System32\RPCRT4.dll
0x00007ff9ccb50000 - 0x00007ff9ccbc4000 	C:\WINDOWS\System32\WS2_32.dll
0x00007ff9ca9a0000 - 0x00007ff9ca9fe000 	C:\WINDOWS\SYSTEM32\POWRPROF.dll
0x00007ff9c4090000 - 0x00007ff9c409b000 	C:\WINDOWS\SYSTEM32\VERSION.dll
0x00007ff9c2a50000 - 0x00007ff9c2a85000 	C:\WINDOWS\SYSTEM32\WINMM.dll
0x00007ff9ca980000 - 0x00007ff9ca994000 	C:\WINDOWS\SYSTEM32\UMPDC.dll
0x00007ff9c97a0000 - 0x00007ff9c97bb000 	C:\WINDOWS\SYSTEM32\kernel.appcore.dll
0x00007ff9b3990000 - 0x00007ff9b399a000 	c:\Users\Saptadeep Ghosh\.vscode\extensions\redhat.java-1.52.0-win32-x64\jre\21.0.9-win32-x86_64\bin\jimage.dll
0x00007ff9c8b20000 - 0x00007ff9c8d62000 	C:\WINDOWS\SYSTEM32\DBGHELP.DLL
0x00007ff9ccbd0000 - 0x00007ff9ccf53000 	C:\WINDOWS\System32\combase.dll
0x00007ff9cc7d0000 - 0x00007ff9cc8a7000 	C:\WINDOWS\System32\OLEAUT32.dll
0x00007ff9b2390000 - 0x00007ff9b23cb000 	C:\WINDOWS\SYSTEM32\dbgcore.DLL
0x00007ff9cbcb0000 - 0x00007ff9cbd55000 	C:\WINDOWS\System32\bcryptPrimitives.dll
0x00007ff9b2c70000 - 0x00007ff9b2c7f000 	c:\Users\Saptadeep Ghosh\.vscode\extensions\redhat.java-1.52.0-win32-x64\jre\21.0.9-win32-x86_64\bin\instrument.dll
0x00007ff9a9180000 - 0x00007ff9a91a0000 	c:\Users\Saptadeep Ghosh\.vscode\extensions\redhat.java-1.52.0-win32-x64\jre\21.0.9-win32-x86_64\bin\java.dll
0x00007ff9cda90000 - 0x00007ff9ce1f6000 	C:\WINDOWS\System32\SHELL32.dll
0x00007ff9cb910000 - 0x00007ff9cba7a000 	C:\WINDOWS\System32\wintypes.dll
0x00007ff9cb0a0000 - 0x00007ff9cb905000 	C:\WINDOWS\System32\windows.storage.dll
0x00007ff9cd830000 - 0x00007ff9cd929000 	C:\WINDOWS\System32\SHCORE.dll
0x00007ff9cc2c0000 - 0x00007ff9cc327000 	C:\WINDOWS\System32\shlwapi.dll
0x00007ff9caa40000 - 0x00007ff9caa68000 	C:\WINDOWS\SYSTEM32\profapi.dll
0x00007ff9aa720000 - 0x00007ff9aa738000 	c:\Users\Saptadeep Ghosh\.vscode\extensions\redhat.java-1.52.0-win32-x64\jre\21.0.9-win32-x86_64\bin\zip.dll
0x00007ff9b2890000 - 0x00007ff9b28a0000 	C:\Users\Saptadeep Ghosh\.vscode\extensions\redhat.java-1.52.0-win32-x64\jre\21.0.9-win32-x86_64\bin\net.dll
0x00007ff9c3150000 - 0x00007ff9c3277000 	C:\WINDOWS\SYSTEM32\WINHTTP.dll
0x00007ff9c9e30000 - 0x00007ff9c9e9b000 	C:\WINDOWS\system32\mswsock.dll
0x00007ff9a9260000 - 0x00007ff9a9276000 	C:\Users\Saptadeep Ghosh\.vscode\extensions\redhat.java-1.52.0-win32-x64\jre\21.0.9-win32-x86_64\bin\nio.dll
0x00007ff9b2720000 - 0x00007ff9b2730000 	c:\Users\Saptadeep Ghosh\.vscode\extensions\redhat.java-1.52.0-win32-x64\jre\21.0.9-win32-x86_64\bin\verify.dll
0x00007ff981130000 - 0x00007ff981175000 	C:\Users\Saptadeep Ghosh\AppData\Roaming\Code\User\globalStorage\redhat.java\1.52.0\config_ss_win\org.eclipse.equinox.launcher\org.eclipse.equinox.launcher.win32.win32.x86_64_1.2.1500.v20260121-1430\eclipse_11919.dll
0x00007ff9cc610000 - 0x00007ff9cc7a6000 	C:\WINDOWS\System32\ole32.dll
0x00007ff9ca100000 - 0x00007ff9ca11b000 	C:\WINDOWS\SYSTEM32\CRYPTSP.dll
0x00007ff9c9810000 - 0x00007ff9c9849000 	C:\WINDOWS\system32\rsaenh.dll
0x00007ff9c9ee0000 - 0x00007ff9c9f12000 	C:\WINDOWS\SYSTEM32\USERENV.dll
0x00007ff9caa10000 - 0x00007ff9caa3a000 	C:\WINDOWS\SYSTEM32\bcrypt.dll
0x00007ff9ca120000 - 0x00007ff9ca12c000 	C:\WINDOWS\SYSTEM32\CRYPTBASE.dll
0x00007ff9c92c0000 - 0x00007ff9c92f3000 	C:\WINDOWS\SYSTEM32\IPHLPAPI.DLL
0x00007ff9cd820000 - 0x00007ff9cd82a000 	C:\WINDOWS\System32\NSI.dll
0x00007ff980680000 - 0x00007ff9806c9000 	C:\Users\Saptadeep Ghosh\AppData\Local\Temp\jna-1050379550\jna7235559806017053473.dll
0x00007ff9cd960000 - 0x00007ff9cd968000 	C:\WINDOWS\System32\PSAPI.DLL
0x00007ff9b48f0000 - 0x00007ff9b490b000 	\\?\C:\WINDOWS\system32\MpeHttpExt.dll
0x00007ff9c2fb0000 - 0x00007ff9c2fce000 	C:\WINDOWS\SYSTEM32\dhcpcsvc6.DLL
0x00007ff9c2dc0000 - 0x00007ff9c2de3000 	C:\WINDOWS\SYSTEM32\dhcpcsvc.DLL

JVMTI agents:
c:\Users\Saptadeep Ghosh\.vscode\extensions\redhat.java-1.52.0-win32-x64\lombok\lombok-1.18.39-4050.jar path:c:\Users\Saptadeep Ghosh\.vscode\extensions\redhat.java-1.52.0-win32-x64\jre\21.0.9-win32-x86_64\bin\instrument.dll, loaded, initialized, instrumentlib options:none

dbghelp: loaded successfully - version: 4.0.5 - missing functions: none
symbol engine: initialized successfully - sym options: 0x614 - pdb path: .;c:\Users\Saptadeep Ghosh\.vscode\extensions\redhat.java-1.52.0-win32-x64\jre\21.0.9-win32-x86_64\bin;C:\WINDOWS\SYSTEM32;C:\WINDOWS\WinSxS\amd64_microsoft.windows.common-controls_6595b64144ccf1df_6.0.26100.7755_none_3e0b5aece331b9b7;c:\Users\Saptadeep Ghosh\.vscode\extensions\redhat.java-1.52.0-win32-x64\jre\21.0.9-win32-x86_64\bin\server;C:\Users\Saptadeep Ghosh\AppData\Roaming\Code\User\globalStorage\redhat.java\1.52.0\config_ss_win\org.eclipse.equinox.launcher\org.eclipse.equinox.launcher.win32.win32.x86_64_1.2.1500.v20260121-1430;C:\Users\Saptadeep Ghosh\AppData\Local\Temp\jna-1050379550;\\?\C:\WINDOWS\system32

VM Arguments:
jvm_args: --add-modules=ALL-SYSTEM --add-opens=java.base/java.util=ALL-UNNAMED --add-opens=java.base/java.lang=ALL-UNNAMED --add-opens=java.base/sun.nio.fs=ALL-UNNAMED -Declipse.application=org.eclipse.jdt.ls.core.id1 -Dosgi.bundles.defaultStartLevel=4 -Declipse.product=org.eclipse.jdt.ls.core.product -Djava.import.generatesMetadataFilesAtProjectRoot=false -DDetectVMInstallationsJob.disabled=true -Dfile.encoding=utf8 -XX:+UseParallelGC -XX:GCTimeRatio=4 -XX:AdaptiveSizePolicyWeight=90 -Dsun.zip.disableMemoryMapping=true -Xmx2G -Xms100m -Xlog:disable -javaagent:c:\Users\Saptadeep Ghosh\.vscode\extensions\redhat.java-1.52.0-win32-x64\lombok\lombok-1.18.39-4050.jar 
java_command: c:\Users\Saptadeep Ghosh\.vscode\extensions\redhat.java-1.52.0-win32-x64\server\plugins\org.eclipse.equinox.launcher_1.7.100.v20251111-0406.jar -configuration c:\Users\Saptadeep Ghosh\AppData\Roaming\Code\User\globalStorage\redhat.java\1.52.0\config_ss_win -data c:\Users\Saptadeep Ghosh\AppData\Roaming\Code\User\workspaceStorage\9c0f8992a7d74f0e27a80880d82bc0a1\redhat.java\ss_ws --pipe=\\.\pipe\lsp-4ee2ff2ffdf91cb716118df06f9dfb8d-sock
java_class_path (initial): c:\Users\Saptadeep Ghosh\.vscode\extensions\redhat.java-1.52.0-win32-x64\server\plugins\org.eclipse.equinox.launcher_1.7.100.v20251111-0406.jar
Launcher Type: SUN_STANDARD

[Global flags]
    uintx AdaptiveSizePolicyWeight                 = 90                                        {product} {command line}
     intx CICompilerCount                          = 4                                         {product} {ergonomic}
    uintx GCTimeRatio                              = 4                                         {product} {command line}
   size_t InitialHeapSize                          = 104857600                                 {product} {command line}
   size_t MaxHeapSize                              = 2147483648                                {product} {command line}
   size_t MaxNewSize                               = 715653120                                 {product} {ergonomic}
   size_t MinHeapDeltaBytes                        = 524288                                    {product} {ergonomic}
   size_t MinHeapSize                              = 104857600                                 {product} {command line}
   size_t NewSize                                  = 34603008                                  {product} {ergonomic}
    uintx NonNMethodCodeHeapSize                   = 5839372                                {pd product} {ergonomic}
    uintx NonProfiledCodeHeapSize                  = 122909434                              {pd product} {ergonomic}
   size_t OldSize                                  = 70254592                                  {product} {ergonomic}
    uintx ProfiledCodeHeapSize                     = 122909434                              {pd product} {ergonomic}
    uintx ReservedCodeCacheSize                    = 251658240                              {pd product} {ergonomic}
     bool SegmentedCodeCache                       = true                                      {product} {ergonomic}
   size_t SoftMaxHeapSize                          = 2147483648                             {manageable} {ergonomic}
     bool UseCompressedOops                        = true                           {product lp64_product} {ergonomic}
     bool UseLargePagesIndividualAllocation        = false                                  {pd product} {ergonomic}
     bool UseParallelGC                            = true                                      {product} {command line}

Logging:
Log output configuration:
 #0: stdout all=off uptime,level,tags foldmultilines=false
 #1: stderr all=off uptime,level,tags foldmultilines=false

Release file:
JAVA_VERSION="21.0.9" 
MODULES="java.base java.compiler java.datatransfer java.xml java.prefs java.desktop java.instrument java.logging java.management java.security.sasl java.naming java.rmi java.management.rmi java.net.http java.scripting java.security.jgss java.transaction.xa java.sql java.sql.rowset java.xml.crypto java.se java.smartcardio jdk.accessibility jdk.internal.jvmstat jdk.attach jdk.charsets jdk.internal.opt jdk.zipfs jdk.compiler jdk.crypto.ec jdk.crypto.cryptoki jdk.crypto.mscapi jdk.dynalink jdk.internal.ed jdk.editpad jdk.hotspot.agent jdk.httpserver jdk.internal.le jdk.internal.vm.ci jdk.internal.vm.compiler jdk.internal.vm.compiler.management jdk.jartool jdk.javadoc jdk.jcmd jdk.management jdk.management.agent jdk.jconsole jdk.jdeps jdk.jdwp.agent jdk.jdi jdk.jfr jdk.jshell jdk.jsobject jdk.jstatd jdk.localedata jdk.management.jfr jdk.naming.dns jdk.naming.rmi jdk.net jdk.nio.mapmode jdk.random jdk.sctp jdk.security.auth jdk.security.jgss jdk.unsupported jdk.unsupported.desktop jdk.xml.dom" 

Environment Variables:
JAVA_HOME=C:\Program Files\Eclipse Adoptium\jdk-23.0.0.37-hotspot\
PATH=C:\Program Files\Eclipse Adoptium\jdk-23.0.0.37-hotspot\bin;C:\Program Files\Common Files\Oracle\Java\javapath;C:\Program Files (x86)\Common Files\Oracle\Java\java8path;C:\Program Files (x86)\Common Files\Oracle\Java\javapath;C:\Program Files\Eclipse Adoptium\jdk-11.0.24.8-hotspot\bin;C:\Python312\Scripts\;C:\Python312\;C:\ProgramData\Oracle\Java\javapath;C:\Program Files (x86)\Common Files\Intel\Shared Libraries\redist\intel64\compiler;C:\Windows\system32;C:\Windows;C:\Windows\System32\Wbem;C:\Windows\System32\WindowsPowerShell\v1.0\;C:\Windows\System32\OpenSSH\;C:\Program Files (x86)\NVIDIA Corporation\PhysX\Common;C:\WINDOWS\system32;C:\WINDOWS;C:\WINDOWS\System32\Wbem;C:\WINDOWS\System32\WindowsPowerShell\v1.0\;C:\WINDOWS\System32\OpenSSH\;C:\Users\Saptadeep Ghosh\AppData\Local\Microsoft\WindowsApps;C:\Users\Saptadeep Ghosh\AppData\Local\Programs\Microsoft VS Code\bin;C:\adb;C:\MinGW\mingw32\bin;C:\ProgramData\chocolatey\bin;C:\Program Files\dotnet\;C:\Program Files\NVIDIA Corporation\NVIDIA app\NvDLISR;C:\WINDOWS\system32;C:\WINDOWS;C:\WINDOWS\System32\Wbem;C:\WINDOWS\System32\WindowsPowerShell\v1.0\;C:\WINDOWS\System32\OpenSSH\;C:\Program Files\Git\cmd;C:\Program Files\Crucial\Crucial Storage Executive;C:\Program Files\nodejs\;C:\Users\Saptadeep Ghosh\anaconda3;C:\Users\Saptadeep Ghosh\anaconda3\Library\mingw-w64\bin;C:\Users\Saptadeep Ghosh\anaconda3\Library\usr\bin;C:\Users\Saptadeep Ghosh\anaconda3\Library\bin;C:\Users\Saptadeep Ghosh\anaconda3\Scripts;C:\Users\Saptadeep Ghosh\AppData\Local\Microsoft\WindowsApps;C:\Users\Saptadeep Ghosh\AppData\Local\Programs\Microsoft VS Code\bin;C:\MinGW\bin;C:\Program Files\JetBrains\IntelliJ IDEA Community Edition 2024.3\bin;;C:\Users\Saptadeep Ghosh\AppData\Roaming\npm
USERNAME=Saptadeep Ghosh
OS=Windows_NT
PROCESSOR_IDENTIFIER=AMD64 Family 25 Model 80 Stepping 0, AuthenticAMD
TMP=C:\Users\SAPTAD~1\AppData\Local\Temp
TEMP=C:\Users\SAPTAD~1\AppData\Local\Temp




Periodic native trim disabled

---------------  S Y S T E M  ---------------

OS:
 Windows 11 , 64 bit Build 26100 (10.0.26100.7755)
OS uptime: 0 days 1:32 hours
Hyper-V role detected

CPU: total 12 (initial active 12) (12 cores per cpu, 2 threads per core) family 25 model 80 stepping 0 microcode 0xa50000f, cx8, cmov, fxsr, ht, mmx, 3dnowpref, sse, sse2, sse3, ssse3, sse4a, sse4.1, sse4.2, popcnt, lzcnt, tsc, tscinvbit, avx, avx2, aes, erms, clmul, bmi1, bmi2, adx, sha, fma, vzeroupper, clflush, clflushopt, hv, rdtscp, rdpid, fsrm, f16c, cet_ss
Processor Information for the first 12 processors :
  Max Mhz: 3301, Current Mhz: 3301, Mhz Limit: 3301

Memory: 4k page, system-wide physical 15724M (7289M free)
TotalPageFile size 20076M (AvailPageFile size 9301M)
current process WorkingSet (physical memory assigned to process): 194M, peak: 198M
current process commit charge ("private bytes"): 311M, peak: 316M

vm_info: OpenJDK 64-Bit Server VM (21.0.9+10-LTS) for windows-amd64 JRE (21.0.9+10-LTS), built on 2025-10-21T00:00:00Z by "admin" with unknown MS VC++:1942

END.
